1607807239628	geckodriver	INFO	Listening on 127.0.0.1:60982
1607807242664	mozrunner::runner	INFO	Running command: "C:\\Program Files (x86)\\Mozilla Firefox\\firefox.exe" "--marionette" "-profile" "C:/Users/redyo/AppData/Roaming/Mozilla/Firefox/Profiles/rf9xcvji.Selenium" "--marionette" "-foreground" "-no-remote"
Can't find symbol 'eglSwapBuffersWithDamageEXT'.
Can't find symbol 'eglSetDamageRegionKHR'.

###!!! [Child][RunMessage] Error: Channel closing: too lat1607807628124	mozrunner::runner	INFO	Running command: "C:\\Program Files (x86)\\Mozilla Firefox\\firefox.exe" "--marionette" "-foreground" "-no-remote" "-profile" "C:\\Users\\redyo\\AppData\\Local\\Temp\\rust_mozprofileSIl8VT"
Can't find symbol 'eglSwapBuffersWithDamageEXT'.
Can't find symbol 'eglSetDamageRegionKHR'.
JavaScript error: resource://gre/modules/XULStore.jsm, line 66: Error: Can't find profile directory.
console.warn: SearchSettings: "get: No settings file exists, new profile?" (new Error("", "(unknown module)"))
1607807631659	Marionette	INFO	Listening on port 62607
1607807631788	Marionette	WARN	TLS certificate errors will be ignored for this session
1607807678217	Marionette	INFO	Stopped listening on port 62607

###!!! [Child][RunMessage] Error: Channel closing: too late to send/recv, messages will be lost


###!!! [Child][MessageChannel::SendAndWait] Error: Channel error: cannot send/recv

1607807679547	geckodriver	INFO	Listening on 127.0.0.1:58258
1607807682608	mozrunner::runner	INFO	Running command: "C:\\Program Files (x86)\\Mozilla Firefox\\firefox.exe" "--marionette" "-foreground" "-no-remote" "-profile" "C:\\Users\\redyo\\AppData\\Local\\Temp\\rust_mozprofilefThLcu"
Can't find symbol 'eglSwapBuffersWithDamageEXT'.
Can't find symbol 'eglSetDamageRegionKHR'.
JavaScript error: resource://gre/modules/XULStore.jsm, line 66: Error: Can't find profile directory.
console.warn: SearchSettings: "get: No settings file exists, new profile?" (new Error("", "(unknown module)"))
1607807685104	Marionette	INFO	Listening on port 58267
1607807685290	Marionette	WARN	TLS certificate errors will be ignored for this session
1607807826645	Marionette	INFO	Stopped listening on port 58267

###!!! [Child][RunMessage] Error: Channel closing: too late to send/recv, messages will be lost


###!!! [Child][MessageChannel::SendAndWait] Error: Channel error: cannot send/recv

1607807827227	geckodriver	INFO	Listening on 127.0.0.1:56250
1607807830330	mozrunner::runner	INFO	Running command: "C:\\Program Files (x86)\\Mozilla Firefox\\firefox.exe" "--marionette" "-foreground" "-no-remote" "-profile" "C:\\Users\\redyo\\AppData\\Local\\Temp\\rust_mozprofileq5hFil"
Can't find symbol 'eglSwapBuffersWithDamageEXT'.
Can't find symbol 'eglSetDamageRegionKHR'.
JavaScript error: resource://gre/modules/XULStore.jsm, line 66: Error: Can't find profile directory.
console.warn: SearchSettings: "get: No settings file exists, new profile?" (new Error("", "(unknown module)"))
1607807832659	Marionette	INFO	Listening on port 56259
1607807832993	Marionette	WARN	TLS certificate errors will be ignored for this session
1607807872696	Marionette	INFO	Stopped listening on port 56259

###!!! [Child][RunMessage] Error: Channel closing: too late to send/recv, messages will be lost


###!!! [Child][MessageChannel::SendAndWait] Error: Channel error: cannot send/recv

1607807878969	geckodriver	INFO	Listening on 127.0.0.1:55860
1607807881996	mozrunner::runner	INFO	Running command: "C:\\Program Files (x86)\\Mozilla Firefox\\firefox.exe" "--marionette" "-foreground" "-no-remote" "-profile" "C:\\Users\\redyo\\AppData\\Local\\Temp\\rust_mozprofilejb3jUS"
Can't find symbol 'eglSwapBuffersWithDamageEXT'.
Can't find symbol 'eglSetDamageRegionKHR'.
JavaScript error: resource://gre/modules/XULStore.jsm, line 66: Error: Can't find profile directory.
console.warn: SearchSettings: "get: No settings file exists, new profile?" (new Error("", "(unknown module)"))
1607807884231	Marionette	INFO	Listening on port 55869
1607807884648	Marionette	WARN	TLS certificate errors will be ignored for this session
1607807948256	Marionette	INFO	Stopped listening on port 55869

###!!! [Child][RunMessage] Error: Channel closing: too late to send/recv, messages will be lost


###!!! [Child][MessageChannel::SendAndWait] Error: Channel error: cannot send/recv

ocal\\Temp\\rust_mozprofile0SBT8T"
Can't find symbol 'eglSwapBuffersWithDamageEXT'.
Can't find symbol 'eglSetDamageRegionKHR'.
JavaScript error: resource://gre/modules/XULStore.jsm, line 66: Error: Can't find profile directory.
console.warn: SearchSettings: "get: No settings file exists, new profile?" (new Error("", "(unknown module)"))
1607807951150	Marionette	INFO	Listening on port 55924
1607807951406	Marionette	WARN	TLS certificate errors will be ignored for this session
1607808050614	Marionette	INFO	Stopped listening on port 55924

###!!! [Child][RunMessage] Error: Channel closing: too late to send/recv, messages will be lost


###!!! [Child][MessageChannel::SendAndWait] Error: Channel error: cannot send/recv

